Determining if the pthread_create exist failed with the following output:
Change Dir: /home/joy_hsiao/Haitec/caffe/build/CMakeFiles/CMakeTmp

Run Build Command:"/usr/bin/make" "cmTC_d27c6/fast"
/usr/bin/make -f CMakeFiles/cmTC_d27c6.dir/build.make CMakeFiles/cmTC_d27c6.dir/build
make[1]: Entering directory '/home/joy_hsiao/Haitec/caffe/build/CMakeFiles/CMakeTmp'
Building C object CMakeFiles/cmTC_d27c6.dir/CheckSymbolExists.c.o
/usr/bin/cc     -o CMakeFiles/cmTC_d27c6.dir/CheckSymbolExists.c.o   -c /home/joy_hsiao/Haitec/caffe/build/CMakeFiles/CMakeTmp/CheckSymbolExists.c
Linking C executable cmTC_d27c6
/usr/bin/cmake -E cmake_link_script CMakeFiles/cmTC_d27c6.dir/link.txt --verbose=1
/usr/bin/cc       CMakeFiles/cmTC_d27c6.dir/CheckSymbolExists.c.o  -o cmTC_d27c6 -rdynamic 
CMakeFiles/cmTC_d27c6.dir/CheckSymbolExists.c.o: 於函式 main:
CheckSymbolExists.c:(.text+0x16): 未定義參考到「pthread_create」
collect2: error: ld returned 1 exit status
CMakeFiles/cmTC_d27c6.dir/build.make:97: recipe for target 'cmTC_d27c6' failed
make[1]: *** [cmTC_d27c6] Error 1
make[1]: Leaving directory '/home/joy_hsiao/Haitec/caffe/build/CMakeFiles/CMakeTmp'
Makefile:126: recipe for target 'cmTC_d27c6/fast' failed
make: *** [cmTC_d27c6/fast] Error 2

File /home/joy_hsiao/Haitec/caffe/build/CMakeFiles/CMakeTmp/CheckSymbolExists.c:
/* */
#include <pthread.h>

int main(int argc, char** argv)
{
  (void)argv;
#ifndef pthread_create
  return ((int*)(&pthread_create))[argc];
#else
  (void)argc;
  return 0;
#endif
}

Determining if the function pthread_create exists in the pthreads failed with the following output:
Change Dir: /home/joy_hsiao/Haitec/caffe/build/CMakeFiles/CMakeTmp

Run Build Command:"/usr/bin/make" "cmTC_67849/fast"
/usr/bin/make -f CMakeFiles/cmTC_67849.dir/build.make CMakeFiles/cmTC_67849.dir/build
make[1]: Entering directory '/home/joy_hsiao/Haitec/caffe/build/CMakeFiles/CMakeTmp'
Building C object CMakeFiles/cmTC_67849.dir/CheckFunctionExists.c.o
/usr/bin/cc    -DCHECK_FUNCTION_EXISTS=pthread_create   -o CMakeFiles/cmTC_67849.dir/CheckFunctionExists.c.o   -c /usr/share/cmake-3.5/Modules/CheckFunctionExists.c
Linking C executable cmTC_67849
/usr/bin/cmake -E cmake_link_script CMakeFiles/cmTC_67849.dir/link.txt --verbose=1
/usr/bin/cc   -DCHECK_FUNCTION_EXISTS=pthread_create    CMakeFiles/cmTC_67849.dir/CheckFunctionExists.c.o  -o cmTC_67849 -rdynamic -lpthreads 
/usr/bin/ld: 找不到 -lpthreads
collect2: error: ld returned 1 exit status
CMakeFiles/cmTC_67849.dir/build.make:97: recipe for target 'cmTC_67849' failed
make[1]: *** [cmTC_67849] Error 1
make[1]: Leaving directory '/home/joy_hsiao/Haitec/caffe/build/CMakeFiles/CMakeTmp'
Makefile:126: recipe for target 'cmTC_67849/fast' failed
make: *** [cmTC_67849/fast] Error 2


